<?xml version="1.0" encoding="UTF-8"?>
<testng-results ignored="0" total="1" passed="1" failed="0" skipped="0">
  <reporter-output>
  </reporter-output>
  <suite started-at="2023-10-31T01:29:16 IST" name="Default suite" finished-at="2023-10-31T01:29:32 IST" duration-ms="16683">
    <groups>
    </groups>
    <test started-at="2023-10-31T01:29:16 IST" name="Default test" finished-at="2023-10-31T01:29:32 IST" duration-ms="16683">
      <class name="com.tests.LoginTest">
        <test-method is-config="true" signature="beforeSuite()[pri:0, instance:com.tests.LoginTest@1aafa419]" started-at="2023-10-31T01:29:16 IST" name="beforeSuite" finished-at="2023-10-31T01:29:16 IST" duration-ms="13" status="PASS">
          <reporter-output>
          </reporter-output>
        </test-method> <!-- beforeSuite -->
        <test-method is-config="true" signature="beforeMethod()[pri:0, instance:com.tests.LoginTest@1aafa419]" started-at="2023-10-31T01:29:16 IST" name="beforeMethod" finished-at="2023-10-31T01:29:18 IST" duration-ms="1906" status="PASS">
          <reporter-output>
          </reporter-output>
        </test-method> <!-- beforeMethod -->
        <test-method signature="loginWithValidCredential()[pri:0, instance:com.tests.LoginTest@1aafa419]" started-at="2023-10-31T01:29:18 IST" name="loginWithValidCredential" finished-at="2023-10-31T01:29:32 IST" duration-ms="14470" status="PASS">
          <reporter-output>
          </reporter-output>
        </test-method> <!-- loginWithValidCredential -->
        <test-method is-config="true" signature="afterMethod()[pri:0, instance:com.tests.LoginTest@1aafa419]" started-at="2023-10-31T01:29:32 IST" name="afterMethod" finished-at="2023-10-31T01:29:32 IST" duration-ms="256" status="PASS">
          <reporter-output>
          </reporter-output>
        </test-method> <!-- afterMethod -->
      </class> <!-- com.tests.LoginTest -->
    </test> <!-- Default test -->
  </suite> <!-- Default suite -->
</testng-results>
